[debug] [2022-10-31T19:19:57.068Z] ----------------------------------------------------------------------
[debug] [2022-10-31T19:19:57.072Z] Command:       C:\Program Files\nodejs\node.exe C:\Users\carlo\AppData\Roaming\npm\node_modules\firebase-tools\lib\bin\firebase.js init hosting
[debug] [2022-10-31T19:19:57.073Z] CLI Version:   11.15.0
[debug] [2022-10-31T19:19:57.073Z] Platform:      win32
[debug] [2022-10-31T19:19:57.073Z] Node Version:  v16.17.1
[debug] [2022-10-31T19:19:57.075Z] Time:          Mon Oct 31 2022 14:19:57 GMT-0500 (hora estándar de Colombia)
[debug] [2022-10-31T19:19:57.076Z] ----------------------------------------------------------------------
[debug] 
[debug] [2022-10-31T19:19:57.093Z] > command requires scopes: ["email","openid","https://www.googleapis.com/auth/cloudplatformprojects.readonly","https://www.googleapis.com/auth/firebase","https://www.googleapis.com/auth/cloud-platform"]
[debug] [2022-10-31T19:19:57.093Z] > authorizing via signed-in user (diazartiagacarlosarturo@gmail.com)
[info] 
     ######## #### ########  ######## ########     ###     ######  ########
     ##        ##  ##     ## ##       ##     ##  ##   ##  ##       ##
     ######    ##  ########  ######   ########  #########  ######  ######
     ##        ##  ##    ##  ##       ##     ## ##     ##       ## ##
     ##       #### ##     ## ######## ########  ##     ##  ######  ########

You're about to initialize a Firebase project in this directory:

  C:\Users\carlo\OneDrive\Escritorio\Proyectos\IS-emprendicesi

[info] 
=== Project Setup
[info] 
[info] First, let's associate this project directory with a Firebase project.
[info] You can create multiple project aliases by running firebase use --add, 
[info] but for now we'll just set up a default project.
[info] 
